<?xml version="1.0" encoding="UTF-8"?>
<testsuite xmlns:xsi="http://www.w3.org/2001/XMLSchema-instance" xsi:noNamespaceSchemaLocation="https://maven.apache.org/surefire/maven-surefire-plugin/xsd/surefire-test-report-3.0.xsd" version="3.0" name="CalculationServerTest" time="1.957" tests="17" errors="0" skipped="0" failures="0">
  <properties>
[...]
</properties>
  <testcase name="testSumFromZeroToEqualNumbers" classname="CalculationServerTest" time="1.721">
    <system-err><![CDATA[Mockito is currently self-attaching to enable the inline-mock-maker. This will no longer work in future releases of the JDK. Please add Mockito as an agent to your build as described in Mockito's documentation: https://javadoc.io/doc/org.mockito/mockito-core/latest/org.mockito/org/mockito/Mockito.html#0.3
WARNING: A Java agent has been loaded dynamically (C:\Users\Daria\.m2\repository\net\bytebuddy\byte-buddy-agent\1.17.5\byte-buddy-agent-1.17.5.jar)
WARNING: If a serviceability tool is in use, please run with -XX:+EnableDynamicAgentLoading to hide this warning
WARNING: If a serviceability tool is not in use, please run with -Djdk.instrument.traceUsage for more information
WARNING: Dynamic loading of agents will be disallowed by default in a future release
]]></system-err>
  </testcase>
  <testcase name="testSumBetweenBoundaryValues" classname="CalculationServerTest" time="0.015"/>
  <testcase name="testProductBetweenNumbersInRange" classname="CalculationServerTest" time="0.007"/>
  <testcase name="testSumFromZeroToNumbersInRange" classname="CalculationServerTest" time="0.009"/>
  <testcase name="testProductBetweenOneAndThousand" classname="CalculationServerTest" time="0.026"/>
  <testcase name="testBothSumAndProductOperations" classname="CalculationServerTest" time="0.018"/>
  <testcase name="testSumBetweenConsecutiveNumbers" classname="CalculationServerTest" time="0.005"/>
  <testcase name="testProductBetweenConsecutiveNumbers" classname="CalculationServerTest" time="0.006"/>
  <testcase name="testSumBetweenNumbersInRange" classname="CalculationServerTest" time="0.003"/>
  <testcase name="testSumFromZeroToConsecutiveNumbers" classname="CalculationServerTest" time="0.009"/>
  <testcase name="testProductSmallNumbersRegularFormat" classname="CalculationServerTest" time="0.008"/>
  <testcase name="testSumFromZeroToOneAndThousand" classname="CalculationServerTest" time="0.005"/>
  <testcase name="testProductBetweenEqualNumbers" classname="CalculationServerTest" time="0.006"/>
  <testcase name="testGetMinAndMax" classname="CalculationServerTest" time="0.009"/>
  <testcase name="testSumBetweenEqualNumbers" classname="CalculationServerTest" time="0.007"/>
  <testcase name="testProductBetweenBoundaryValues" classname="CalculationServerTest" time="0.005"/>
  <testcase name="testSumFromZeroToBoundaryValues" classname="CalculationServerTest" time="0.009"/>
</testsuite>